<?xml version="1.0" encoding="UTF-8"?>
<!-- Generated by org.testng.reporters.JUnitReportReporter -->
<testsuite skipped="0" hostname="Jeys-MBP.home" name="com.Tests.GoogleMainPageTest" tests="3" failures="0" timestamp="26 Nov 2019 01:35:14 GMT" time="0.210" errors="0">
  <testcase name="verifyGooglePagTitleTest" time="0.053" classname="com.Tests.GoogleMainPageTest"/>
  <testcase name="passSomeWord" time="0.106" classname="com.Tests.GoogleMainPageTest"/>
  <testcase name="clicksearchButton" time="0.051" classname="com.Tests.GoogleMainPageTest"/>
</testsuite> <!-- com.Tests.GoogleMainPageTest -->
